<?xml version="1.0" encoding="UTF-8"?>
<!-- Generated by org.testng.reporters.JUnitReportReporter -->
<testsuite hostname="Ranjeet-MacBook-Pro.local" failures="0" tests="1" name="Com.Ecommerce.TestCases.TC_NewRegistration" time="12.472" errors="0" timestamp="2023-01-21T12:38:26 IST" skipped="0">
  <testcase classname="Com.Ecommerce.TestCases.TC_NewRegistration" name="Registration" time="12.472"/>
  <system-out/>
</testsuite> <!-- Com.Ecommerce.TestCases.TC_NewRegistration -->
